<?xml version="1.0" encoding="utf-8"?><testsuites name="pytest tests"><testsuite name="pytest" errors="0" failures="0" skipped="0" tests="10" time="54.164" timestamp="2026-04-29T16:09:11.797828+00:00" hostname="agent-env-1db4533d-1fd8-4626-9610-93b0f71362a1"><testcase classname="backend.tests.test_multilingual_features.TestMultilingualTextDetection" name="test_detect_text_hindi_returns_language_fields" time="12.581" /><testcase classname="backend.tests.test_multilingual_features.TestMultilingualTextDetection" name="test_detect_text_english_returns_english_language" time="5.894" /><testcase classname="backend.tests.test_multilingual_features.TestMultilingualTextDetection" name="test_detect_text_marathi" time="9.459" /><testcase classname="backend.tests.test_multilingual_features.TestMultilingualTextDetection" name="test_detect_text_hinglish" time="7.412" /><testcase classname="backend.tests.test_multilingual_features.TestMultilingualVerifyNews" name="test_verify_news_hindi_claim" time="8.886" /><testcase classname="backend.tests.test_multilingual_features.TestMultilingualVerifyNews" name="test_verify_news_english_claim" time="9.288" /><testcase classname="backend.tests.test_multilingual_features.TestAPIHealthAndExistingFeatures" name="test_api_health" time="0.172" /><testcase classname="backend.tests.test_multilingual_features.TestAPIHealthAndExistingFeatures" name="test_history_endpoint" time="0.121" /><testcase classname="backend.tests.test_multilingual_features.TestAPIHealthAndExistingFeatures" name="test_news_api_status" time="0.105" /><testcase classname="backend.tests.test_multilingual_features.TestCleanup" name="test_cleanup_history" time="0.134" /></testsuite></testsuites>