<?xml version="1.0" encoding="utf-8"?><testsuites name="pytest tests"><testsuite name="pytest" errors="0" failures="0" skipped="0" tests="14" time="56.508" timestamp="2026-04-29T15:53:04.200504+00:00" hostname="agent-env-1db4533d-1fd8-4626-9610-93b0f71362a1"><testcase classname="backend.tests.test_new_features.TestHealthAndStatus" name="test_api_health" time="0.276" /><testcase classname="backend.tests.test_new_features.TestHealthAndStatus" name="test_news_api_status_not_configured" time="0.130" /><testcase classname="backend.tests.test_new_features.TestHistoryAPI" name="test_get_history_empty" time="0.123" /><testcase classname="backend.tests.test_new_features.TestHistoryAPI" name="test_get_history_with_type_filter" time="0.572" /><testcase classname="backend.tests.test_new_features.TestHistoryAPI" name="test_get_history_pagination" time="0.119" /><testcase classname="backend.tests.test_new_features.TestHistoryAPI" name="test_clear_history" time="0.309" /><testcase classname="backend.tests.test_new_features.TestNewsVerification" name="test_verify_news_with_ai_fallback" time="9.086" /><testcase classname="backend.tests.test_new_features.TestNewsVerification" name="test_verify_news_saves_to_history" time="6.290" /><testcase classname="backend.tests.test_new_features.TestTextDetectionHistory" name="test_text_detection_saves_to_history" time="6.789" /><testcase classname="backend.tests.test_new_features.TestBatchImageDetection" name="test_batch_detect_images_single" time="9.161" /><testcase classname="backend.tests.test_new_features.TestBatchImageDetection" name="test_batch_detect_images_multiple" time="17.310" /><testcase classname="backend.tests.test_new_features.TestBatchImageDetection" name="test_batch_detect_images_max_limit" time="0.183" /><testcase classname="backend.tests.test_new_features.TestBatchImageDetection" name="test_batch_images_save_to_history" time="5.854" /><testcase classname="backend.tests.test_new_features.TestCleanup" name="test_cleanup_history" time="0.104" /></testsuite></testsuites>